This is pdfTeX, Version 3.141592653-2.6-1.40.24 (TeX Live 2022) (preloaded format=pdflatex 2022.8.31)  11 APR 2024 20:41
entering extended mode
 restricted \write18 enabled.
 file:line:error style messages enabled.
 %&-line parsing enabled.
**/Users/maximgluhovskoi/Desktop/Desktop_sub/16385/assgn5/latex/mgluhovs
(/Users/maximgluhovskoi/Desktop/Desktop_sub/16385/assgn5/latex/mgluhovs.tex
LaTeX2e <2021-11-15> patch level 1
L3 programming layer <2022-02-24> (/usr/local/texlive/2022/texmf-dist/tex/latex/base/article.cls
Document Class: article 2021/10/04 v1.4n Standard LaTeX document class
(/usr/local/texlive/2022/texmf-dist/tex/latex/base/size10.clo
File: size10.clo 2021/10/04 v1.4n Standard LaTeX file (size option)
)
\c@part=\count185
\c@section=\count186
\c@subsection=\count187
\c@subsubsection=\count188
\c@paragraph=\count189
\c@subparagraph=\count190
\c@figure=\count191
\c@table=\count192
\abovecaptionskip=\skip47
\belowcaptionskip=\skip48
\bibindent=\dimen138
) (/usr/local/texlive/2022/texmf-dist/tex/latex/graphics/graphicx.sty
Package: graphicx 2021/09/16 v1.2d Enhanced LaTeX Graphics (DPC,SPQR)
 (/usr/local/texlive/2022/texmf-dist/tex/latex/graphics/keyval.sty
Package: keyval 2014/10/28 v1.15 key=value parser (DPC)
\KV@toks@=\toks16
) (/usr/local/texlive/2022/texmf-dist/tex/latex/graphics/graphics.sty
Package: graphics 2021/03/04 v1.4d Standard LaTeX Graphics (DPC,SPQR)
 (/usr/local/texlive/2022/texmf-dist/tex/latex/graphics/trig.sty
Package: trig 2021/08/11 v1.11 sin cos tan (DPC)
) (/usr/local/texlive/2022/texmf-dist/tex/latex/graphics-cfg/graphics.cfg
File: graphics.cfg 2016/06/04 v1.11 sample graphics configuration
)
Package graphics Info: Driver file: pdftex.def on input line 107.
 (/usr/local/texlive/2022/texmf-dist/tex/latex/graphics-def/pdftex.def
File: pdftex.def 2020/10/05 v1.2a Graphics/color driver for pdftex
))
\Gin@req@height=\dimen139
\Gin@req@width=\dimen140
) (/usr/local/texlive/2022/texmf-dist/tex/latex/geometry/geometry.sty
Package: geometry 2020/01/02 v5.9 Page Geometry
 (/usr/local/texlive/2022/texmf-dist/tex/generic/iftex/ifvtex.sty
Package: ifvtex 2019/10/25 v1.7 ifvtex legacy package. Use iftex instead.
 (/usr/local/texlive/2022/texmf-dist/tex/generic/iftex/iftex.sty
Package: iftex 2022/02/03 v1.0f TeX engine tests
))
\Gm@cnth=\count193
\Gm@cntv=\count194
\c@Gm@tempcnt=\count195
\Gm@bindingoffset=\dimen141
\Gm@wd@mp=\dimen142
\Gm@odd@mp=\dimen143
\Gm@even@mp=\dimen144
\Gm@layoutwidth=\dimen145
\Gm@layoutheight=\dimen146
\Gm@layouthoffset=\dimen147
\Gm@layoutvoffset=\dimen148
\Gm@dimlist=\toks17
)
\c@theorem=\count196
 (/usr/local/texlive/2022/texmf-dist/tex/latex/amscls/amsthm.sty
Package: amsthm 2020/05/29 v2.20.6
\thm@style=\toks18
\thm@bodyfont=\toks19
\thm@headfont=\toks20
\thm@notefont=\toks21
\thm@headpunct=\toks22
\thm@preskip=\skip49
\thm@postskip=\skip50
\thm@headsep=\skip51
\dth@everypar=\toks23
) (/usr/local/texlive/2022/texmf-dist/tex/latex/amsmath/amsmath.sty
Package: amsmath 2021/10/15 v2.17l AMS math features
\@mathmargin=\skip52

For additional information on amsmath, use the `?' option.
(/usr/local/texlive/2022/texmf-dist/tex/latex/amsmath/amstext.sty
Package: amstext 2021/08/26 v2.01 AMS text
 (/usr/local/texlive/2022/texmf-dist/tex/latex/amsmath/amsgen.sty
File: amsgen.sty 1999/11/30 v2.0 generic functions
\@emptytoks=\toks24
\ex@=\dimen149
)) (/usr/local/texlive/2022/texmf-dist/tex/latex/amsmath/amsbsy.sty
Package: amsbsy 1999/11/29 v1.2d Bold Symbols
\pmbraise@=\dimen150
) (/usr/local/texlive/2022/texmf-dist/tex/latex/amsmath/amsopn.sty
Package: amsopn 2021/08/26 v2.02 operator names
)
\inf@bad=\count197
LaTeX Info: Redefining \frac on input line 234.
\uproot@=\count198
\leftroot@=\count199
LaTeX Info: Redefining \overline on input line 399.
\classnum@=\count266
\DOTSCASE@=\count267
LaTeX Info: Redefining \ldots on input line 496.
LaTeX Info: Redefining \dots on input line 499.
LaTeX Info: Redefining \cdots on input line 620.
\Mathstrutbox@=\box50
\strutbox@=\box51
\big@size=\dimen151
LaTeX Font Info:    Redeclaring font encoding OML on input line 743.
LaTeX Font Info:    Redeclaring font encoding OMS on input line 744.
\macc@depth=\count268
\c@MaxMatrixCols=\count269
\dotsspace@=\muskip16
\c@parentequation=\count270
\dspbrk@lvl=\count271
\tag@help=\toks25
\row@=\count272
\column@=\count273
\maxfields@=\count274
\andhelp@=\toks26
\eqnshift@=\dimen152
\alignsep@=\dimen153
\tagshift@=\dimen154
\tagwidth@=\dimen155
\totwidth@=\dimen156
\lineht@=\dimen157
\@envbody=\toks27
\multlinegap=\skip53
\multlinetaggap=\skip54
\mathdisplay@stack=\toks28
LaTeX Info: Redefining \[ on input line 2938.
LaTeX Info: Redefining \] on input line 2939.
) (/usr/local/texlive/2022/texmf-dist/tex/latex/caption/subcaption.sty
Package: subcaption 2022/01/07 v1.5 Sub-captions (AR)
 (/usr/local/texlive/2022/texmf-dist/tex/latex/caption/caption.sty
Package: caption 2022/03/01 v3.6b Customizing captions (AR)
 (/usr/local/texlive/2022/texmf-dist/tex/latex/caption/caption3.sty
Package: caption3 2022/03/17 v2.3b caption3 kernel (AR)
\caption@tempdima=\dimen158
\captionmargin=\dimen159
\caption@leftmargin=\dimen160
\caption@rightmargin=\dimen161
\caption@width=\dimen162
\caption@indent=\dimen163
\caption@parindent=\dimen164
\caption@hangindent=\dimen165
Package caption Info: Standard document class detected.
)
\c@caption@flags=\count275
\c@continuedfloat=\count276
)
\c@subfigure=\count277
\c@subtable=\count278
) (/usr/local/texlive/2022/texmf-dist/tex/latex/l3backend/l3backend-pdftex.def
File: l3backend-pdftex.def 2022-02-07 L3 backend support: PDF output (pdfTeX)
\l__color_backend_stack_int=\count279
\l__pdf_internal_box=\box52
) (./mgluhovs.aux)
\openout1 = `mgluhovs.aux'.

LaTeX Font Info:    Checking defaults for OML/cmm/m/it on input line 22.
LaTeX Font Info:    ... okay on input line 22.
LaTeX Font Info:    Checking defaults for OMS/cmsy/m/n on input line 22.
LaTeX Font Info:    ... okay on input line 22.
LaTeX Font Info:    Checking defaults for OT1/cmr/m/n on input line 22.
LaTeX Font Info:    ... okay on input line 22.
LaTeX Font Info:    Checking defaults for T1/cmr/m/n on input line 22.
LaTeX Font Info:    ... okay on input line 22.
LaTeX Font Info:    Checking defaults for TS1/cmr/m/n on input line 22.
LaTeX Font Info:    ... okay on input line 22.
LaTeX Font Info:    Checking defaults for OMX/cmex/m/n on input line 22.
LaTeX Font Info:    ... okay on input line 22.
LaTeX Font Info:    Checking defaults for U/cmr/m/n on input line 22.
LaTeX Font Info:    ... okay on input line 22.
 (/usr/local/texlive/2022/texmf-dist/tex/context/base/mkii/supp-pdf.mkii
[Loading MPS to PDF converter (version 2006.09.02).]
\scratchcounter=\count280
\scratchdimen=\dimen166
\scratchbox=\box53
\nofMPsegments=\count281
\nofMParguments=\count282
\everyMPshowfont=\toks29
\MPscratchCnt=\count283
\MPscratchDim=\dimen167
\MPnumerator=\count284
\makeMPintoPDFobject=\count285
\everyMPtoPDFconversion=\toks30
) (/usr/local/texlive/2022/texmf-dist/tex/latex/epstopdf-pkg/epstopdf-base.sty
Package: epstopdf-base 2020-01-24 v2.11 Base part for package epstopdf
Package epstopdf-base Info: Redefining graphics rule for `.eps' on input line 485.
 (/usr/local/texlive/2022/texmf-dist/tex/latex/latexconfig/epstopdf-sys.cfg
File: epstopdf-sys.cfg 2010/07/13 v1.3 Configuration of (r)epstopdf for TeX Live
))
*geometry* driver: auto-detecting
*geometry* detected driver: pdftex
*geometry* verbose mode - [ preamble ] result:
* driver: pdftex
* paper: a4paper
* layout: <same size as paper>
* layoutoffset:(h,v)=(0.0pt,0.0pt)
* modes: 
* h-part:(L,W,R)=(56.9055pt, 483.69687pt, 56.9055pt)
* v-part:(T,H,B)=(56.9055pt, 731.23584pt, 56.9055pt)
* \paperwidth=597.50787pt
* \paperheight=845.04684pt
* \textwidth=483.69687pt
* \textheight=731.23584pt
* \oddsidemargin=-15.36449pt
* \evensidemargin=-15.36449pt
* \topmargin=-52.36449pt
* \headheight=12.0pt
* \headsep=25.0pt
* \topskip=10.0pt
* \footskip=30.0pt
* \marginparwidth=65.0pt
* \marginparsep=11.0pt
* \columnsep=10.0pt
* \skip\footins=9.0pt plus 4.0pt minus 2.0pt
* \hoffset=0.0pt
* \voffset=0.0pt
* \mag=1000
* \@twocolumnfalse
* \@twosidefalse
* \@mparswitchfalse
* \@reversemarginfalse
* (1in=72.27pt=25.4mm, 1cm=28.453pt)

Package caption Info: Begin \AtBeginDocument code.
Package caption Info: End \AtBeginDocument code.
[1

{/usr/local/texlive/2022/texmf-var/fonts/map/pdftex/updmap/pdftex.map}] [2] [3]
<best_lr.png, id=24, 995.72pt x 485.815pt>
File: best_lr.png Graphic file (type png)
<use best_lr.png>
Package pdftex.def Info: best_lr.png  used on input line 116.
(pdftex.def)             Requested size: 193.47578pt x 94.39626pt.
<10x_lr.png, id=26, 990.70125pt x 486.81876pt>
File: 10x_lr.png Graphic file (type png)
<use 10x_lr.png>
Package pdftex.def Info: 10x_lr.png  used on input line 122.
(pdftex.def)             Requested size: 193.47578pt x 95.0667pt.
<tenth_lr.png, id=27, 990.70125pt x 485.815pt>
File: tenth_lr.png Graphic file (type png)
<use tenth_lr.png>
Package pdftex.def Info: tenth_lr.png  used on input line 128.
(pdftex.def)             Requested size: 193.47578pt x 94.87068pt.
 [4 <./best_lr.png> <./10x_lr.png> <./tenth_lr.png>]
<weights_rep.png, id=34, 231.86626pt x 1211.52625pt>
File: weights_rep.png Graphic file (type png)
<use weights_rep.png>
Package pdftex.def Info: weights_rep.png  used on input line 141.
(pdftex.def)             Requested size: 96.73788pt x 505.47304pt.
 [5 <./weights_rep.png>]
<confusion_matrix.png, id=39, 408.52625pt x 415.5525pt>
File: confusion_matrix.png Graphic file (type png)
<use confusion_matrix.png>
Package pdftex.def Info: confusion_matrix.png  used on input line 151.
(pdftex.def)             Requested size: 435.32422pt x 442.836pt.
 [6 <./confusion_matrix.png>]
<extra_model_data.png, id=44, 985.6825pt x 487.8225pt>
File: extra_model_data.png Graphic file (type png)
<use extra_model_data.png>
Package pdftex.def Info: extra_model_data.png  used on input line 168.
(pdftex.def)             Requested size: 435.32422pt x 215.44646pt.
<extra_conf_mat.png, id=45, 417.56pt x 413.545pt>
File: extra_conf_mat.png Graphic file (type png)
<use extra_conf_mat.png>
Package pdftex.def Info: extra_conf_mat.png  used on input line 172.
(pdftex.def)             Requested size: 290.22107pt x 287.44763pt.
 [7 <./extra_model_data.png> <./extra_conf_mat.png>]
<punctuation.png, id=52, 909.3975pt x 648.4225pt>
File: punctuation.png Graphic file (type png)
<use punctuation.png>
Package pdftex.def Info: punctuation.png  used on input line 186.
(pdftex.def)             Requested size: 193.47578pt x 137.94379pt.
<close.png, id=53, 723.70375pt x 443.6575pt>
File: close.png Graphic file (type png)
<use close.png>
Package pdftex.def Info: close.png  used on input line 191.
(pdftex.def)             Requested size: 193.47578pt x 118.60443pt.
 [8 <./punctuation.png> <./close.png>]
<box1.png, id=59, 577.15625pt x 427.5975pt>
File: box1.png Graphic file (type png)
<use box1.png>
Package pdftex.def Info: box1.png  used on input line 199.
(pdftex.def)             Requested size: 193.47578pt x 143.33902pt.
<box2.png, id=60, 570.13pt x 179.67125pt>
File: box2.png Graphic file (type png)
<use box2.png>
Package pdftex.def Info: box2.png  used on input line 203.
(pdftex.def)             Requested size: 193.47578pt x 60.97226pt.
<box3.png, id=61, 592.2125pt x 424.58624pt>
File: box3.png Graphic file (type png)
<use box3.png>
Package pdftex.def Info: box3.png  used on input line 210.
(pdftex.def)             Requested size: 193.47578pt x 138.70802pt.
<box4.png, id=62, 574.145pt x 374.39874pt>
File: box4.png Graphic file (type png)
<use box4.png>
Package pdftex.def Info: box4.png  used on input line 214.
(pdftex.def)             Requested size: 193.47578pt x 126.16273pt.
<final_results.png, id=63, 300.12125pt x 309.155pt>
File: final_results.png Graphic file (type png)
<use final_results.png>
Package pdftex.def Info: final_results.png  used on input line 223.
(pdftex.def)             Requested size: 193.47578pt x 199.30673pt.


/Users/maximgluhovskoi/Desktop/Desktop_sub/16385/assgn5/latex/mgluhovs.tex:225: LaTeX Error: \begin{figure} on input line 220 ended by \end{document}.

See the LaTeX manual or LaTeX Companion for explanation.
Type  H <return>  for immediate help.
 ...                                              
                                                  
l.225 \end{document}
                    
Your command was ignored.
Type  I <command> <return>  to replace it with another command,
or  <return>  to continue without it.

(./mgluhovs.aux)
/Users/maximgluhovskoi/Desktop/Desktop_sub/16385/assgn5/latex/mgluhovs.tex:225: You can't use `\end' in internal vertical mode.
\enddocument ...cument/end}\deadcycles \z@ \@@end 
                                                  
l.225 \end{document}
                    
Sorry, but I'm not programmed to handle this case;
I'll just pretend that you didn't ask for it.
If you're in the wrong mode, you might be able to
return to the right one by typing `I}' or `I$' or `I\par'.


/Users/maximgluhovskoi/Desktop/Desktop_sub/16385/assgn5/latex/mgluhovs.tex:225: LaTeX Error: \begin{figure} on input line 220 ended by \end{document}.

See the LaTeX manual or LaTeX Companion for explanation.
Type  H <return>  for immediate help.
 ...                                              
                                                  
l.225 \end{document}
                    
Your command was ignored.
Type  I <command> <return>  to replace it with another command,
or  <return>  to continue without it.

/Users/maximgluhovskoi/Desktop/Desktop_sub/16385/assgn5/latex/mgluhovs.tex:225: Missing } inserted.
<inserted text> 
                }
l.225 \end{document}
                    
I've inserted something that you may have forgotten.
(See the <inserted text> above.)
With luck, this will get me unwedged. But if you
really didn't forget anything, try typing `2' now; then
my insertion and my current dilemma will both disappear.

)
! Emergency stop.
<*> ...top/Desktop_sub/16385/assgn5/latex/mgluhovs
                                                  
*** (job aborted, no legal \end found)

 
Here is how much of TeX's memory you used:
 4153 strings out of 478268
 70069 string characters out of 5846347
 386536 words of memory out of 5000000
 22343 multiletter control sequences out of 15000+600000
 474334 words of font info for 46 fonts, out of 8000000 for 9000
 1141 hyphenation exceptions out of 8191
 67i,9n,77p,341b,410s stack positions out of 10000i,1000n,20000p,200000b,200000s
!  ==> Fatal error occurred, no output PDF file produced!
